This is pdfTeX, Version 3.14159265-2.6-1.40.20 (MiKTeX 2.9.7050 64-bit) (preloaded format=latex 2019.7.28)  29 JUL 2019 00:58
entering extended mode
**./Tex/64e469489b8d6968.tex
(Tex/64e469489b8d6968.tex
LaTeX2e <2018-12-01>

! LaTeX Error: File `standalone.cls' not found.

Type X to quit or <RETURN> to proceed,
or enter new name. (Default extension: cls)

Enter file name: 
! Emergency stop.
<read *> 
         
l.2 
      
Here is how much of TeX's memory you used:
 13 strings out of 492896
 337 string characters out of 3123761
 57159 words of memory out of 3000000
 4026 multiletter control sequences out of 15000+200000
 3640 words of font info for 14 fonts, out of 3000000 for 9000
 1141 hyphenation exceptions out of 8191
 10i,0n,8p,65b,8s stack positions out of 5000i,500n,10000p,200000b,50000s

No pages of output.
